Thu Mar 24 11:12:37 GMT 2022 : Apache Derby Network Server - 10.15.2.0 - (1873585) started and ready to accept connections on port 1527
Thu Mar 24 11:12:51 GMT 2022 Thread[DRDAConnThread_2,5,main] (DATABASE = null), (DRDAID = null), Execution failed because of a Distributed Protocol Error:  DRDA_Proto_SYNTAXRM; CODPNT arg  = 0; Error Code Value = 3. Plaintext connection attempt from an SSL enabled client?
Thu Mar 24 11:12:51 GMT 2022 : Execution failed because of a Distributed Protocol Error:  DRDA_Proto_SYNTAXRM; CODPNT arg  = 0; Error Code Value = 3. Plaintext connection attempt from an SSL enabled client?
org.apache.derby.impl.drda.DRDAProtocolException: Execution failed because of a Distributed Protocol Error:  DRDA_Proto_SYNTAXRM; CODPNT arg  = 0; Error Code Value = 3. Plaintext connection attempt from an SSL enabled client?
	at org.apache.derby.impl.drda.DRDAConnThread.throwSyntaxrm(DRDAConnThread.java:533)
	at org.apache.derby.impl.drda.DDMReader.readDssHeader(DDMReader.java:359)
	at org.apache.derby.impl.drda.DRDAConnThread.exchangeServerAttributes(DRDAConnThread.java:1176)
	at org.apache.derby.impl.drda.DRDAConnThread.sessionInitialState(DRDAConnThread.java:684)
	at org.apache.derby.impl.drda.DRDAConnThread.run(DRDAConnThread.java:288)
Thu Mar 24 11:12:51 GMT 2022 Thread[DRDAConnThread_2,5,main] (DATABASE = null), (DRDAID = null), Execution failed because of a Distributed Protocol Error:  DRDA_Proto_SYNTAXRM; CODPNT arg  = 0; Error Code Value = 3. Plaintext connection attempt from an SSL enabled client?
Thu Mar 24 11:12:51 GMT 2022 : Execution failed because of a Distributed Protocol Error:  DRDA_Proto_SYNTAXRM; CODPNT arg  = 0; Error Code Value = 3. Plaintext connection attempt from an SSL enabled client?
org.apache.derby.impl.drda.DRDAProtocolException: Execution failed because of a Distributed Protocol Error:  DRDA_Proto_SYNTAXRM; CODPNT arg  = 0; Error Code Value = 3. Plaintext connection attempt from an SSL enabled client?
	at org.apache.derby.impl.drda.DRDAConnThread.throwSyntaxrm(DRDAConnThread.java:533)
	at org.apache.derby.impl.drda.DDMReader.readDssHeader(DDMReader.java:359)
	at org.apache.derby.impl.drda.DRDAConnThread.exchangeServerAttributes(DRDAConnThread.java:1176)
	at org.apache.derby.impl.drda.DRDAConnThread.sessionInitialState(DRDAConnThread.java:684)
	at org.apache.derby.impl.drda.DRDAConnThread.run(DRDAConnThread.java:288)
----------------------------------------------------------------
Thu Mar 24 11:13:34 GMT 2022:
Booting Derby version The Apache Software Foundation - Apache Derby - 10.15.2.0 - (1873585): instance a816c00e-017f-bba0-e056-000024bc56a0 
on database directory /Users/tomspencer/Desktop/database-ocp-practice/lib/zoo with class loader jdk.internal.loader.ClassLoaders$AppClassLoader@277050dc 
Loaded from file:/Users/tomspencer/Desktop/database-ocp-practice/lib/derby.jar
java.vendor=AdoptOpenJDK
user.dir=/Users/tomspencer/Desktop/database-ocp-practice/lib
os.name=Mac OS X
os.arch=x86_64
os.version=11.5
derby.system.home=/Users/tomspencer/Desktop/database-ocp-practice/lib
Database Class Loader started - derby.database.classpath=''
